Build started 16-07-2016 4.14.42 AM.
     1>Project "C:\Users\Kartik Nighania\Documents\GitHub\PreziBlue---a-3D-motion-Sensor\kartik- to create client windows app\BluetoothApp\BluetoothApp\BluetoothApp.WindowsPhone\BluetoothApp.WindowsPhone.vcxproj" on node 3 (Rebuild target(s)).
     1>ClCompile:
         C:\Program Files (x86)\Microsoft Visual Studio 12.0\VC\bin\CL.exe /c /I"C:\Users\Kartik Nighania\Documents\GitHub\PreziBlue---a-3D-motion-Sensor\kartik- to create client windows app\BluetoothApp\BluetoothApp\BluetoothApp.WindowsPhone\\" /I"Generated Files\\" /IDebug\ /I"C:\Users\Kartik Nighania\Documents\GitHub\PreziBlue---a-3D-motion-Sensor\kartik- to create client windows app\BluetoothApp\BluetoothApp\BluetoothApp.Shared\\" /ZI /ZW /ZW:nostdlib /nologo /W3 /WX- /sdl /MP /Od /Oy- /D PSAPI_VERSION=2 /D WINAPI_FAMILY=WINAPI_FAMILY_PHONE_APP /D _UITHREADCTXT_SUPPORT=0 /D _UNICODE /D UNICODE /D _DEBUG /Gm- /EHsc /RTC1 /MDd /GS /fp:precise /Zc:wchar_t /Zc:forScope /Yc"pch.h" /Fp"Debug\BluetoothApp.WindowsPhone.pch" /Fo"Debug\\" /Fd"Debug\vc120.pdb" /Gd /TP /wd4453 /wd28204 /FU"C:\Program Files (x86)\Microsoft SDKs\WindowsPhoneApp\v8.1\ExtensionSDKs\Microsoft.VCLibs\12.0\References\CommonConfiguration\neutral\platform.winmd" /FU"C:\Program Files (x86)\Windows Phone Kits\8.1\\References\CommonConfiguration\Neutral\Windows.winmd" /FU"C:\Program Files (x86)\Windows Phone Kits\8.1\\References\CommonConfiguration\Neutral\Windows.winmd" /analyze- /errorReport:prompt /bigobj "C:\Users\Kartik Nighania\Documents\GitHub\PreziBlue---a-3D-motion-Sensor\kartik- to create client windows app\BluetoothApp\BluetoothApp\BluetoothApp.Shared\pch.cpp"
         pch.cpp
         C:\Program Files (x86)\Microsoft Visual Studio 12.0\VC\bin\CL.exe /c /I"C:\Users\Kartik Nighania\Documents\GitHub\PreziBlue---a-3D-motion-Sensor\kartik- to create client windows app\BluetoothApp\BluetoothApp\BluetoothApp.WindowsPhone\\" /I"Generated Files\\" /IDebug\ /I"C:\Users\Kartik Nighania\Documents\GitHub\PreziBlue---a-3D-motion-Sensor\kartik- to create client windows app\BluetoothApp\BluetoothApp\BluetoothApp.Shared\\" /ZI /ZW /ZW:nostdlib /nologo /W3 /WX- /sdl /MP /Od /Oy- /D PSAPI_VERSION=2 /D WINAPI_FAMILY=WINAPI_FAMILY_PHONE_APP /D _UITHREADCTXT_SUPPORT=0 /D _UNICODE /D UNICODE /D _DEBUG /Gm- /EHsc /RTC1 /MDd /GS /fp:precise /Zc:wchar_t /Zc:forScope /Yu"pch.h" /Fp"Debug\BluetoothApp.WindowsPhone.pch" /Fo"Debug\\" /Fd"Debug\vc120.pdb" /Gd /TP /wd4453 /wd28204 /FU"C:\Program Files (x86)\Microsoft SDKs\WindowsPhoneApp\v8.1\ExtensionSDKs\Microsoft.VCLibs\12.0\References\CommonConfiguration\neutral\platform.winmd" /FU"C:\Program Files (x86)\Windows Phone Kits\8.1\\References\CommonConfiguration\Neutral\Windows.winmd" /FU"C:\Program Files (x86)\Windows Phone Kits\8.1\\References\CommonConfiguration\Neutral\Windows.winmd" /analyze- /errorReport:prompt /bigobj "C:\Users\Kartik Nighania\Documents\GitHub\PreziBlue---a-3D-motion-Sensor\kartik- to create client windows app\BluetoothApp\BluetoothApp\BluetoothApp.Shared\App.xaml.cpp" MainPage.xaml.cpp "Generated Files\XamlTypeInfo.Impl.g.cpp"
         App.xaml.cpp
         MainPage.xaml.cpp
         XamlTypeInfo.Impl.g.cpp
       CreateWinMD:
         C:\Program Files (x86)\Microsoft Visual Studio 12.0\VC\bin\link.exe /ERRORREPORT:PROMPT /OUT:"C:\Users\Kartik Nighania\Documents\GitHub\PreziBlue---a-3D-motion-Sensor\kartik- to create client windows app\BluetoothApp\Debug\BluetoothApp.WindowsPhone\BluetoothApp.WindowsPhone.exe" /INCREMENTAL /NOLOGO WindowsPhoneCore.lib RuntimeObject.lib PhoneAppModelHost.lib /NODEFAULTLIB:kernel32.lib /NODEFAULTLIB:ole32.lib /MANIFEST:NO /DEBUG /PDB:"C:\Users\Kartik Nighania\Documents\GitHub\PreziBlue---a-3D-motion-Sensor\kartik- to create client windows app\BluetoothApp\Debug\BluetoothApp.WindowsPhone\BluetoothApp.WindowsPhone.pdb" /SUBSYSTEM:WINDOWS /TLBID:1 /APPCONTAINER /WINMD:ONLY /WINMDFILE:"C:\Users\Kartik Nighania\Documents\GitHub\PreziBlue---a-3D-motion-Sensor\kartik- to create client windows app\BluetoothApp\Debug\BluetoothApp.WindowsPhone\BluetoothApp.winmd" /DYNAMICBASE /NXCOMPAT /MACHINE:X86 Debug\App.xaml.obj
         Debug\pch.obj
         Debug\MainPage.xaml.obj
         Debug\XamlTypeInfo.Impl.g.obj
       CompileXamlGeneratedFiles:
         C:\Program Files (x86)\Microsoft Visual Studio 12.0\VC\bin\CL.exe /c /I"C:\Users\Kartik Nighania\Documents\GitHub\PreziBlue---a-3D-motion-Sensor\kartik- to create client windows app\BluetoothApp\BluetoothApp\BluetoothApp.WindowsPhone\\" /I"Generated Files\\" /IDebug\ /I"C:\Users\Kartik Nighania\Documents\GitHub\PreziBlue---a-3D-motion-Sensor\kartik- to create client windows app\BluetoothApp\BluetoothApp\BluetoothApp.Shared\\" /ZI /ZW /ZW:nostdlib /nologo /W3 /WX- /sdl /MP /Od /Oy- /D PSAPI_VERSION=2 /D WINAPI_FAMILY=WINAPI_FAMILY_PHONE_APP /D _UITHREADCTXT_SUPPORT=0 /D _UNICODE /D UNICODE /D _DEBUG /Gm- /EHsc /RTC1 /MDd /GS /fp:precise /Zc:wchar_t /Zc:forScope /Yu"pch.h" /Fp"Debug\BluetoothApp.WindowsPhone.pch" /Fo"Debug\\" /Fd"Debug\vc120.pdb" /Gd /TP /wd4453 /wd28204 /FU"C:\Program Files (x86)\Microsoft SDKs\WindowsPhoneApp\v8.1\ExtensionSDKs\Microsoft.VCLibs\12.0\References\CommonConfiguration\neutral\platform.winmd" /FU"C:\Program Files (x86)\Windows Phone Kits\8.1\\References\CommonConfiguration\Neutral\Windows.winmd" /FU"C:\Program Files (x86)\Windows Phone Kits\8.1\\References\CommonConfiguration\Neutral\Windows.winmd" /analyze- /errorReport:prompt /bigobj "Generated Files\XamlTypeInfo.g.cpp"
         XamlTypeInfo.g.cpp
       Link:
         C:\Program Files (x86)\Microsoft Visual Studio 12.0\VC\bin\link.exe /ERRORREPORT:PROMPT /OUT:"C:\Users\Kartik Nighania\Documents\GitHub\PreziBlue---a-3D-motion-Sensor\kartik- to create client windows app\BluetoothApp\Debug\BluetoothApp.WindowsPhone\BluetoothApp.WindowsPhone.exe" /INCREMENTAL /NOLOGO WindowsPhoneCore.lib RuntimeObject.lib PhoneAppModelHost.lib /NODEFAULTLIB:kernel32.lib /NODEFAULTLIB:ole32.lib /MANIFEST:NO /DEBUG /PDB:"C:\Users\Kartik Nighania\Documents\GitHub\PreziBlue---a-3D-motion-Sensor\kartik- to create client windows app\BluetoothApp\Debug\BluetoothApp.WindowsPhone\BluetoothApp.WindowsPhone.pdb" /SUBSYSTEM:WINDOWS /TLBID:1 /APPCONTAINER /WINMD:NO /WINMDFILE:"C:\Users\Kartik Nighania\Documents\GitHub\PreziBlue---a-3D-motion-Sensor\kartik- to create client windows app\BluetoothApp\Debug\BluetoothApp.WindowsPhone\BluetoothApp.winmd" /DYNAMICBASE /NXCOMPAT /MACHINE:X86 Debug\App.xaml.obj
         Debug\pch.obj
         Debug\MainPage.xaml.obj
         Debug\XamlTypeInfo.Impl.g.obj
         Debug\XamlTypeInfo.g.obj
            Creating library C:\Users\Kartik Nighania\Documents\GitHub\PreziBlue---a-3D-motion-Sensor\kartik- to create client windows app\BluetoothApp\Debug\BluetoothApp.WindowsPhone\BluetoothApp.WindowsPhone.lib and object C:\Users\Kartik Nighania\Documents\GitHub\PreziBlue---a-3D-motion-Sensor\kartik- to create client windows app\BluetoothApp\Debug\BluetoothApp.WindowsPhone\BluetoothApp.WindowsPhone.exp
         BluetoothApp.WindowsPhone.vcxproj -> C:\Users\Kartik Nighania\Documents\GitHub\PreziBlue---a-3D-motion-Sensor\kartik- to create client windows app\BluetoothApp\Debug\BluetoothApp.WindowsPhone\BluetoothApp.WindowsPhone.exe
       _GenerateProjectPriFileCore:
         C:\Program Files (x86)\Windows Kits\8.1\\bin\x86\MakePri.exe New -ProjectRoot "C:\Users\Kartik Nighania\Documents\GitHub\PreziBlue---a-3D-motion-Sensor\kartik- to create client windows app\BluetoothApp\BluetoothApp\BluetoothApp.WindowsPhone\\" -ConfigXml Debug\priconfig.xml -OutputFile "C:\Users\Kartik Nighania\Documents\GitHub\PreziBlue---a-3D-motion-Sensor\kartik- to create client windows app\BluetoothApp\Debug\BluetoothApp.WindowsPhone\resources.pri" -ExtensionDll "C:\Program Files (x86)\Windows Phone Kits\8.1\\bin\x86\MrmEnvironmentExtDl.dll" -IndexName ca6832d7-3bb2-4178-9bef-74c95c0216ad -Verbose -Overwrite  
     1>Done Building Project "C:\Users\Kartik Nighania\Documents\GitHub\PreziBlue---a-3D-motion-Sensor\kartik- to create client windows app\BluetoothApp\BluetoothApp\BluetoothApp.WindowsPhone\BluetoothApp.WindowsPhone.vcxproj" (Rebuild target(s)).

Build succeeded.

Time Elapsed 00:00:21.45
